<?xml version="1.0" encoding="UTF-8"?>
<testsuite xmlns:xsi="http://www.w3.org/2001/XMLSchema-instance" xsi:noNamespaceSchemaLocation="https://maven.apache.org/surefire/maven-surefire-plugin/xsd/surefire-test-report-3.0.xsd" version="3.0" name="xyz.wtje.mongoconfigs.core.JacksonCodecTest" time="0.057" tests="9" errors="0" skipped="0" failures="0">
  <properties>
[...]
</properties>
  <testcase name="testToPojoFromDocument" classname="xyz.wtje.mongoconfigs.core.JacksonCodecTest" time="0.035"/>
  <testcase name="testToDocumentWithSimpleObject" classname="xyz.wtje.mongoconfigs.core.JacksonCodecTest" time="0.007"/>
  <testcase name="testFromJsonWithError" classname="xyz.wtje.mongoconfigs.core.JacksonCodecTest" time="0.003"/>
  <testcase name="testWithComplexObject" classname="xyz.wtje.mongoconfigs.core.JacksonCodecTest" time="0.003"/>
  <testcase name="testRoundTripConversion" classname="xyz.wtje.mongoconfigs.core.JacksonCodecTest" time="0.002"/>
  <testcase name="testToJsonSerialization" classname="xyz.wtje.mongoconfigs.core.JacksonCodecTest" time="0.001"/>
  <testcase name="testToJsonWithError" classname="xyz.wtje.mongoconfigs.core.JacksonCodecTest" time="0.001"/>
  <testcase name="testFromJsonDeserialization" classname="xyz.wtje.mongoconfigs.core.JacksonCodecTest" time="0.0"/>
  <testcase name="testWithNullValues" classname="xyz.wtje.mongoconfigs.core.JacksonCodecTest" time="0.0"/>
</testsuite>