<?xml version="1.0" encoding="UTF-8"?>
<testsuite xmlns:xsi="http://www.w3.org/2001/XMLSchema-instance" xsi:noNamespaceSchemaLocation="https://maven.apache.org/surefire/maven-surefire-plugin/xsd/surefire-test-report-3.0.xsd" version="3.0" name="xyz.wtje.mongoconfigs.core.integration.AsyncCacheWorkflowTest" time="0.014" tests="2" errors="0" skipped="0" failures="0">
  <properties>
[...]
</properties>
  <testcase name="batchReloadNoCollectionsSafe" classname="xyz.wtje.mongoconfigs.core.integration.AsyncCacheWorkflowTest" time="0.007">
    <system-err><![CDATA[Sep 11, 2025 9:52:13 PM xyz.wtje.mongoconfigs.core.mongo.MongoManager <init>
INFO: MongoManager: Creating client with connection string: mongodb://localhost:27017
Sep 11, 2025 9:52:13 PM xyz.wtje.mongoconfigs.core.mongo.MongoManager <init>
INFO: MongoDB connection initialized for database: test_empty_batch
Sep 11, 2025 9:52:13 PM xyz.wtje.mongoconfigs.core.mongo.MongoManager <init>
INFO: Configured with 6 I/O threads and 12 worker threads
Sep 11, 2025 9:52:13 PM xyz.wtje.mongoconfigs.core.impl.ConfigManagerImpl <init>
INFO: ConfigManager initialized with MongoDB database: test_empty_batch, Cache TTL: no expiration, Max size: 10000
Sep 11, 2025 9:52:13 PM xyz.wtje.mongoconfigs.core.impl.ConfigManagerImpl logConfigurationStatus
INFO: === MongoDB Configs Configuration Status ===
Sep 11, 2025 9:52:13 PM xyz.wtje.mongoconfigs.core.impl.ConfigManagerImpl logConfigurationStatus
INFO: Database: test_empty_batch
Sep 11, 2025 9:52:13 PM xyz.wtje.mongoconfigs.core.impl.ConfigManagerImpl logConfigurationStatus
INFO: Connection Pool: max=20, min=5
Sep 11, 2025 9:52:13 PM xyz.wtje.mongoconfigs.core.impl.ConfigManagerImpl logConfigurationStatus
INFO: Connection Timeouts: connect=5000ms, socket=10000ms, selection=5000ms
Sep 11, 2025 9:52:13 PM xyz.wtje.mongoconfigs.core.impl.ConfigManagerImpl logConfigurationStatus
INFO: Cache: Simple in-memory maps, size=0
Sep 11, 2025 9:52:13 PM xyz.wtje.mongoconfigs.core.impl.ConfigManagerImpl logConfigurationStatus
INFO: Performance: io-threads=6, worker-threads=12
Sep 11, 2025 9:52:13 PM xyz.wtje.mongoconfigs.core.impl.ConfigManagerImpl logConfigurationStatus
INFO: Cache requests - Config: 0, Messages: 0
Sep 11, 2025 9:52:13 PM xyz.wtje.mongoconfigs.core.impl.ConfigManagerImpl logConfigurationStatus
INFO: Known collections: 0
Sep 11, 2025 9:52:13 PM xyz.wtje.mongoconfigs.core.impl.ConfigManagerImpl logConfigurationStatus
INFO: === Configuration simplified - removed unused Caffeine cache ===
Sep 11, 2025 9:52:13 PM xyz.wtje.mongoconfigs.core.impl.ConfigManagerImpl initialize
INFO: ConfigManager fully initialized and ready
Sep 11, 2025 9:52:13 PM xyz.wtje.mongoconfigs.core.mongo.MongoManager close
INFO: MongoDB connection closed
Sep 11, 2025 9:52:13 PM xyz.wtje.mongoconfigs.core.impl.ConfigManagerImpl lambda$preWarmCache$26
WARNING: Error pre-warming cache
java.util.concurrent.CompletionException: com.mongodb.MongoClientException: Shutdown in progress
	at xyz.wtje.mongoconfigs.core.mongo.PublisherAdapter$2.onError(PublisherAdapter.java:104)
	at reactor.core.publisher.StrictSubscriber.onError(StrictSubscriber.java:106)
	at reactor.core.publisher.FluxMap$MapSubscriber.onError(FluxMap.java:134)
	at reactor.core.publisher.FluxCreate$BaseSink.error(FluxCreate.java:474)
	at reactor.core.publisher.FluxCreate$BufferAsyncSink.drain(FluxCreate.java:802)
	at reactor.core.publisher.FluxCreate$BufferAsyncSink.error(FluxCreate.java:747)
	at reactor.core.publisher.FluxCreate$SerializedFluxSink.drainLoop(FluxCreate.java:237)
	at reactor.core.publisher.FluxCreate$SerializedFluxSink.drain(FluxCreate.java:213)
	at reactor.core.publisher.FluxCreate$SerializedFluxSink.error(FluxCreate.java:189)
	at reactor.core.publisher.LambdaMonoSubscriber.doError(LambdaMonoSubscriber.java:155)
	at reactor.core.publisher.LambdaMonoSubscriber.onError(LambdaMonoSubscriber.java:150)
	at reactor.core.publisher.FluxContextWrite$ContextWriteSubscriber.onError(FluxContextWrite.java:121)
	at reactor.core.publisher.FluxMap$MapConditionalSubscriber.onError(FluxMap.java:265)
	at reactor.core.publisher.MonoNext$NextSubscriber.onError(MonoNext.java:93)
	at reactor.core.publisher.MonoNext$NextSubscriber.onError(MonoNext.java:93)
	at reactor.core.publisher.MonoFlatMap$FlatMapMain.secondError(MonoFlatMap.java:241)
	at reactor.core.publisher.MonoFlatMap$FlatMapInner.onError(MonoFlatMap.java:315)
	at reactor.core.publisher.MonoPeekTerminal$MonoTerminalPeekSubscriber.onError(MonoPeekTerminal.java:258)
	at reactor.core.publisher.MonoCreate$DefaultMonoSink.error(MonoCreate.java:201)
	at com.mongodb.reactivestreams.client.internal.MongoOperationPublisher.lambda$sinkToCallback$38(MongoOperationPublisher.java:601)
	at com.mongodb.reactivestreams.client.internal.OperationExecutorImpl.lambda$execute$1(OperationExecutorImpl.java:97)
	at com.mongodb.internal.async.ErrorHandlingResultCallback.onResult(ErrorHandlingResultCallback.java:47)
	at com.mongodb.internal.async.function.AsyncCallbackSupplier.lambda$whenComplete$1(AsyncCallbackSupplier.java:93)
	at com.mongodb.internal.async.function.RetryingAsyncCallbackSupplier$RetryingCallback.onResult(RetryingAsyncCallbackSupplier.java:121)
	at com.mongodb.internal.async.ErrorHandlingResultCallback.onResult(ErrorHandlingResultCallback.java:47)
	at com.mongodb.internal.operation.AsyncOperationHelper.lambda$withAsyncSuppliedResource$3(AsyncOperationHelper.java:134)
	at com.mongodb.reactivestreams.client.internal.ClientSessionBinding$WrappingCallback.onResult(ClientSessionBinding.java:260)
	at com.mongodb.reactivestreams.client.internal.ClientSessionBinding$WrappingCallback.onResult(ClientSessionBinding.java:250)
	at com.mongodb.internal.binding.AsyncClusterBinding.lambda$getAsyncClusterBindingConnectionSource$1(AsyncClusterBinding.java:122)
	at com.mongodb.internal.connection.BaseCluster$ServerSelectionRequest.onResult(BaseCluster.java:453)
	at com.mongodb.internal.connection.BaseCluster$WaitQueueHandler.run(BaseCluster.java:531)
	at java.base/java.lang.Thread.run(Thread.java:1570)
Caused by: com.mongodb.MongoClientException: Shutdown in progress
	... 2 more

Sep 11, 2025 9:52:13 PM xyz.wtje.mongoconfigs.core.mongo.MongoManager close
INFO: MongoDB executor service closed
Sep 11, 2025 9:52:13 PM xyz.wtje.mongoconfigs.core.impl.ConfigManagerImpl shutdown
INFO: ConfigManager shutdown complete
]]></system-err>
  </testcase>
  <testcase name="asyncWorkflowThroughCache" classname="xyz.wtje.mongoconfigs.core.integration.AsyncCacheWorkflowTest" time="0.006">
    <system-err><![CDATA[Sep 11, 2025 9:52:13 PM xyz.wtje.mongoconfigs.core.mongo.MongoManager <init>
INFO: MongoManager: Creating client with connection string: mongodb://localhost:27017
Sep 11, 2025 9:52:13 PM xyz.wtje.mongoconfigs.core.mongo.MongoManager <init>
INFO: MongoDB connection initialized for database: test_async_cache
Sep 11, 2025 9:52:13 PM xyz.wtje.mongoconfigs.core.mongo.MongoManager <init>
INFO: Configured with 6 I/O threads and 12 worker threads
Sep 11, 2025 9:52:13 PM xyz.wtje.mongoconfigs.core.impl.ConfigManagerImpl <init>
INFO: ConfigManager initialized with MongoDB database: test_async_cache, Cache TTL: no expiration, Max size: 10000
Sep 11, 2025 9:52:13 PM xyz.wtje.mongoconfigs.core.impl.ConfigManagerImpl logConfigurationStatus
INFO: === MongoDB Configs Configuration Status ===
Sep 11, 2025 9:52:13 PM xyz.wtje.mongoconfigs.core.impl.ConfigManagerImpl logConfigurationStatus
INFO: Database: test_async_cache
Sep 11, 2025 9:52:13 PM xyz.wtje.mongoconfigs.core.impl.ConfigManagerImpl lambda$preWarmCache$26
INFO: Pre-warming cache - discovering existing collections...
Sep 11, 2025 9:52:13 PM xyz.wtje.mongoconfigs.core.impl.ConfigManagerImpl logConfigurationStatus
INFO: Connection Pool: max=20, min=5
Sep 11, 2025 9:52:13 PM xyz.wtje.mongoconfigs.core.impl.ConfigManagerImpl logConfigurationStatus
INFO: Connection Timeouts: connect=5000ms, socket=10000ms, selection=5000ms
Sep 11, 2025 9:52:13 PM xyz.wtje.mongoconfigs.core.impl.ConfigManagerImpl logConfigurationStatus
INFO: Cache: Simple in-memory maps, size=0
Sep 11, 2025 9:52:13 PM xyz.wtje.mongoconfigs.core.impl.ConfigManagerImpl logConfigurationStatus
INFO: Performance: io-threads=6, worker-threads=12
Sep 11, 2025 9:52:13 PM xyz.wtje.mongoconfigs.core.impl.ConfigManagerImpl logConfigurationStatus
INFO: Cache requests - Config: 0, Messages: 0
Sep 11, 2025 9:52:13 PM xyz.wtje.mongoconfigs.core.impl.ConfigManagerImpl logConfigurationStatus
INFO: Known collections: 0
Sep 11, 2025 9:52:13 PM xyz.wtje.mongoconfigs.core.impl.ConfigManagerImpl logConfigurationStatus
INFO: === Configuration simplified - removed unused Caffeine cache ===
Sep 11, 2025 9:52:13 PM xyz.wtje.mongoconfigs.core.impl.ConfigManagerImpl initialize
INFO: ConfigManager fully initialized and ready
Sep 11, 2025 9:52:13 PM xyz.wtje.mongoconfigs.core.impl.ConfigManagerImpl lambda$invalidateAllAsync$30
INFO: All cache invalidated asynchronously
Sep 11, 2025 9:52:13 PM xyz.wtje.mongoconfigs.core.mongo.MongoManager close
INFO: MongoDB connection closed
Sep 11, 2025 9:52:13 PM xyz.wtje.mongoconfigs.core.impl.ConfigManagerImpl lambda$preWarmCache$26
WARNING: Error pre-warming cache
java.util.concurrent.CompletionException: com.mongodb.MongoClientException: Shutdown in progress
	at xyz.wtje.mongoconfigs.core.mongo.PublisherAdapter$2.onError(PublisherAdapter.java:104)
	at reactor.core.publisher.StrictSubscriber.onError(StrictSubscriber.java:106)
	at reactor.core.publisher.FluxMap$MapSubscriber.onError(FluxMap.java:134)
	at reactor.core.publisher.FluxCreate$BaseSink.error(FluxCreate.java:474)
	at reactor.core.publisher.FluxCreate$BufferAsyncSink.drain(FluxCreate.java:802)
	at reactor.core.publisher.FluxCreate$BufferAsyncSink.error(FluxCreate.java:747)
	at reactor.core.publisher.FluxCreate$SerializedFluxSink.drainLoop(FluxCreate.java:237)
	at reactor.core.publisher.FluxCreate$SerializedFluxSink.drain(FluxCreate.java:213)
	at reactor.core.publisher.FluxCreate$SerializedFluxSink.error(FluxCreate.java:189)
	at reactor.core.publisher.LambdaMonoSubscriber.doError(LambdaMonoSubscriber.java:155)
	at reactor.core.publisher.LambdaMonoSubscriber.onError(LambdaMonoSubscriber.java:150)
	at reactor.core.publisher.FluxContextWrite$ContextWriteSubscriber.onError(FluxContextWrite.java:121)
	at reactor.core.publisher.FluxMap$MapConditionalSubscriber.onError(FluxMap.java:265)
	at reactor.core.publisher.MonoNext$NextSubscriber.onError(MonoNext.java:93)
	at reactor.core.publisher.MonoNext$NextSubscriber.onError(MonoNext.java:93)
	at reactor.core.publisher.MonoFlatMap$FlatMapMain.secondError(MonoFlatMap.java:241)
	at reactor.core.publisher.MonoFlatMap$FlatMapInner.onError(MonoFlatMap.java:315)
	at reactor.core.publisher.MonoPeekTerminal$MonoTerminalPeekSubscriber.onError(MonoPeekTerminal.java:258)
	at reactor.core.publisher.MonoCreate$DefaultMonoSink.error(MonoCreate.java:201)
	at com.mongodb.reactivestreams.client.internal.MongoOperationPublisher.lambda$sinkToCallback$38(MongoOperationPublisher.java:601)
	at com.mongodb.reactivestreams.client.internal.OperationExecutorImpl.lambda$execute$1(OperationExecutorImpl.java:97)
	at com.mongodb.internal.async.ErrorHandlingResultCallback.onResult(ErrorHandlingResultCallback.java:47)
	at com.mongodb.internal.async.function.AsyncCallbackSupplier.lambda$whenComplete$1(AsyncCallbackSupplier.java:93)
	at com.mongodb.internal.async.function.RetryingAsyncCallbackSupplier$RetryingCallback.onResult(RetryingAsyncCallbackSupplier.java:121)
	at com.mongodb.internal.async.ErrorHandlingResultCallback.onResult(ErrorHandlingResultCallback.java:47)
	at com.mongodb.internal.operation.AsyncOperationHelper.lambda$withAsyncSuppliedResource$3(AsyncOperationHelper.java:134)
	at com.mongodb.reactivestreams.client.internal.ClientSessionBinding$WrappingCallback.onResult(ClientSessionBinding.java:260)
	at com.mongodb.reactivestreams.client.internal.ClientSessionBinding$WrappingCallback.onResult(ClientSessionBinding.java:250)
	at com.mongodb.internal.binding.AsyncClusterBinding.lambda$getAsyncClusterBindingConnectionSource$1(AsyncClusterBinding.java:122)
	at com.mongodb.internal.connection.BaseCluster$ServerSelectionRequest.onResult(BaseCluster.java:453)
	at com.mongodb.internal.connection.BaseCluster$WaitQueueHandler.run(BaseCluster.java:531)
	at java.base/java.lang.Thread.run(Thread.java:1570)
Caused by: com.mongodb.MongoClientException: Shutdown in progress
	... 2 more

Sep 11, 2025 9:52:13 PM xyz.wtje.mongoconfigs.core.mongo.MongoManager close
INFO: MongoDB executor service closed
Sep 11, 2025 9:52:13 PM xyz.wtje.mongoconfigs.core.impl.ConfigManagerImpl shutdown
INFO: ConfigManager shutdown complete
]]></system-err>
  </testcase>
</testsuite>