<?xml version="1.0" encoding="UTF-8"?>
<testsuite xmlns:xsi="http://www.w3.org/2001/XMLSchema-instance" xsi:noNamespaceSchemaLocation="https://maven.apache.org/surefire/maven-surefire-plugin/xsd/surefire-test-report-3.0.xsd" version="3.0" name="xyz.wtje.mongoconfigs.api.ConfigManagerTest" time="0.708" tests="7" errors="0" skipped="0" failures="0">
  <properties>
[...]
</properties>
  <testcase name="testSynchronousWrappers" classname="xyz.wtje.mongoconfigs.api.ConfigManagerTest" time="0.636">
    <system-err><![CDATA[WARNING: A Java agent has been loaded dynamically (C:\Users\aiikk\.m2\repository\net\bytebuddy\byte-buddy-agent\1.14.10\byte-buddy-agent-1.14.10.jar)
WARNING: If a serviceability tool is in use, please run with -XX:+EnableDynamicAgentLoading to hide this warning
WARNING: If a serviceability tool is not in use, please run with -Djdk.instrument.traceUsage for more information
WARNING: Dynamic loading of agents will be disallowed by default in a future release
]]></system-err>
  </testcase>
  <testcase name="testFindById" classname="xyz.wtje.mongoconfigs.api.ConfigManagerTest" time="0.037"/>
  <testcase name="testSetObjectAndGetObject" classname="xyz.wtje.mongoconfigs.api.ConfigManagerTest" time="0.003"/>
  <testcase name="testSetAndGet" classname="xyz.wtje.mongoconfigs.api.ConfigManagerTest" time="0.002"/>
  <testcase name="testReloadAll" classname="xyz.wtje.mongoconfigs.api.ConfigManagerTest" time="0.001"/>
  <testcase name="testMessagesOf" classname="xyz.wtje.mongoconfigs.api.ConfigManagerTest" time="0.005"/>
  <testcase name="testGetConfigOrGenerate" classname="xyz.wtje.mongoconfigs.api.ConfigManagerTest" time="0.001"/>
</testsuite>